<?xml version="1.0" encoding="UTF-8"?>
<!-- Generated by org.testng.reporters.JUnitXMLReporter -->
<testsuite ignored="0" hostname="SuchiPc" failures="0" tests="4" name="edgeTest" time="92.663" errors="0" timestamp="2022-11-17T19:09:02 IST">
  <testcase classname="automation.testScript.HiddenDivision" name="hiddenDivision" time="13.645"/>
  <testcase classname="automation.testScript.AlertPopup" name="alertPopup" time="8.406"/>
  <testcase classname="automation.testScript.DropDown_ActiProduct" name="selectDropDown" time="7.711"/>
  <testcase classname="automation.testScript.CustomerCreation" name="createCustomer" time="8.947"/>
</testsuite> <!-- edgeTest -->
