<?xml version="1.0" encoding="UTF-8"?>
<testng-results ignored="0" total="1" passed="1" failed="0" skipped="0">
  <reporter-output>
  </reporter-output>
  <suite started-at="2022-11-18T11:45:58 IST" name="Default suite" finished-at="2022-11-18T11:46:39 IST" duration-ms="40963">
    <groups>
    </groups>
    <test started-at="2022-11-18T11:45:58 IST" name="Default test" finished-at="2022-11-18T11:46:39 IST" duration-ms="40963">
      <class name="automation.testScript.CustomerCreation">
        <test-method is-config="true" signature="launchBrowser()[pri:0, instance:automation.testScript.CustomerCreation@18df8434]" started-at="2022-11-18T11:45:58 IST" name="launchBrowser" finished-at="2022-11-18T11:46:02 IST" duration-ms="3992" status="PASS">
          <reporter-output>
          </reporter-output>
        </test-method> <!-- launchBrowser -->
        <test-method is-config="true" signature="login()[pri:0, instance:automation.testScript.CustomerCreation@18df8434]" started-at="2022-11-18T11:46:02 IST" name="login" finished-at="2022-11-18T11:46:14 IST" duration-ms="11817" status="PASS">
          <reporter-output>
          </reporter-output>
        </test-method> <!-- login -->
        <test-method signature="createCustomer()[pri:0, instance:automation.testScript.CustomerCreation@18df8434]" started-at="2022-11-18T11:46:14 IST" name="createCustomer" finished-at="2022-11-18T11:46:23 IST" duration-ms="8886" status="PASS">
          <reporter-output>
          </reporter-output>
        </test-method> <!-- createCustomer -->
        <test-method is-config="true" signature="logout()[pri:0, instance:automation.testScript.CustomerCreation@18df8434]" started-at="2022-11-18T11:46:23 IST" name="logout" finished-at="2022-11-18T11:46:23 IST" duration-ms="15" status="PASS">
          <reporter-output>
          </reporter-output>
        </test-method> <!-- logout -->
        <test-method is-config="true" signature="closeBrowser()[pri:0, instance:automation.testScript.CustomerCreation@18df8434]" started-at="2022-11-18T11:46:23 IST" name="closeBrowser" finished-at="2022-11-18T11:46:39 IST" duration-ms="16196" status="PASS">
          <reporter-output>
          </reporter-output>
        </test-method> <!-- closeBrowser -->
      </class> <!-- automation.testScript.CustomerCreation -->
    </test> <!-- Default test -->
  </suite> <!-- Default suite -->
</testng-results>
